[Aug 20 15:43:01]    [START] *********************************
[Aug 20 15:43:01]    [START] Session start at Wed Aug 20 15:43:01 2008
[Aug 20 17:29:32]    [START] *********************************
[Aug 20 17:29:32]    [START] Session start at Wed Aug 20 17:29:32 2008
[Aug 20 17:34:57]    [START] *********************************
[Aug 20 17:34:57]    [START] Session start at Wed Aug 20 17:34:57 2008
[Aug 20 17:37:49]    [START] *********************************
[Aug 20 17:37:49]    [START] Session start at Wed Aug 20 17:37:49 2008
[Aug 20 17:44:42]    [START] *********************************
[Aug 20 17:44:42]    [START] Session start at Wed Aug 20 17:44:42 2008
[Aug 20 17:51:49]    [START] *********************************
[Aug 20 17:51:49]    [START] Session start at Wed Aug 20 17:51:49 2008
[Aug 20 18:01:04]    [START] *********************************
[Aug 20 18:01:04]    [START] Session start at Wed Aug 20 18:01:04 2008
[Aug 20 18:01:12]    [START] *********************************
[Aug 20 18:01:12]    [START] Session start at Wed Aug 20 18:01:12 2008
[Aug 20 18:05:09]    [START] *********************************
[Aug 20 18:05:09]    [START] Session start at Wed Aug 20 18:05:09 2008
[Aug 20 18:08:46]    [START] *********************************
[Aug 20 18:08:46]    [START] Session start at Wed Aug 20 18:08:46 2008
[Aug 20 18:12:19]    [START] *********************************
[Aug 20 18:12:19]    [START] Session start at Wed Aug 20 18:12:19 2008
[Aug 21 16:18:35]    [START] *********************************
[Aug 21 16:18:35]    [START] Session start at Thu Aug 21 16:18:35 2008
[Aug 21 16:19:23]    [PLAYER] iron: 'cvar' ''
[Aug 21 16:19:29]    [PLAYER] iron: 'cvar' ''
[Aug 21 16:19:34]    [PLAYER] iron: 'cvar' 'password'
[Aug 21 16:20:28]    [START] *********************************
[Aug 21 16:20:28]    [START] Session start at Thu Aug 21 16:20:28 2008
[Aug 21 16:21:33]    [PLAYER] iron: 'cvar' 'password'
[Aug 21 16:22:53]    [START] *********************************
[Aug 21 16:22:53]    [START] Session start at Thu Aug 21 16:22:53 2008
[Aug 21 16:23:29]    [PLAYER] iron: 'cvar' 'password test'
[Aug 21 16:29:32]    [START] *********************************
[Aug 21 16:29:32]    [START] Session start at Thu Aug 21 16:29:32 2008
[Aug 21 16:31:17]    [START] *********************************
[Aug 21 16:31:17]    [START] Session start at Thu Aug 21 16:31:17 2008
[Aug 21 16:32:13]    [PLAYER] iron: 'cvar' ''
[Aug 21 16:32:15]    [PLAYER] iron: 'cvar' ''
[Aug 21 16:32:27]    [PLAYER] iron: 'cvar' 'password'
[Aug 21 16:51:01]    [START] *********************************
[Aug 21 16:51:01]    [START] Session start at Thu Aug 21 16:51:01 2008
[Aug 21 16:52:39]    [START] *********************************
[Aug 21 16:52:39]    [START] Session start at Thu Aug 21 16:52:39 2008
[Aug 21 16:53:30]    [START] *********************************
[Aug 21 16:53:30]    [START] Session start at Thu Aug 21 16:53:30 2008
[Aug 21 16:53:55]    [START] *********************************
[Aug 21 16:53:55]    [START] Session start at Thu Aug 21 16:53:55 2008
[Aug 21 16:54:17]    [START] *********************************
[Aug 21 16:54:17]    [START] Session start at Thu Aug 21 16:54:17 2008
[Aug 21 16:56:46]    [START] *********************************
[Aug 21 16:56:46]    [START] Session start at Thu Aug 21 16:56:46 2008
[Aug 21 17:11:10]    [START] *********************************
[Aug 21 17:11:11]    [START] Session start at Thu Aug 21 17:11:11 2008
[Aug 21 17:27:04]    [START] *********************************
[Aug 21 17:27:04]    [START] Session start at Thu Aug 21 17:27:04 2008
[Aug 21 17:27:34]    [START] *********************************
[Aug 21 17:27:34]    [START] Session start at Thu Aug 21 17:27:34 2008
[Aug 21 17:28:15]    [START] *********************************
[Aug 21 17:28:15]    [START] Session start at Thu Aug 21 17:28:15 2008
[Aug 21 17:35:50]    [START] *********************************
[Aug 21 17:35:50]    [START] Session start at Thu Aug 21 17:35:50 2008
[Aug 21 17:36:55]    [START] *********************************
[Aug 21 17:36:55]    [START] Session start at Thu Aug 21 17:36:55 2008
[Aug 21 17:42:53]    [START] *********************************
[Aug 21 17:42:53]    [START] Session start at Thu Aug 21 17:42:53 2008
[Aug 21 17:44:20]    [START] *********************************
[Aug 21 17:44:20]    [START] Session start at Thu Aug 21 17:44:20 2008
[Aug 21 17:44:41]    [START] *********************************
[Aug 21 17:44:41]    [START] Session start at Thu Aug 21 17:44:41 2008
[Aug 21 17:44:53]    [START] *********************************
[Aug 21 17:44:53]    [START] Session start at Thu Aug 21 17:44:53 2008
[Aug 21 17:47:34]    [START] *********************************
[Aug 21 17:47:34]    [START] Session start at Thu Aug 21 17:47:34 2008
[Aug 21 17:50:06]    [START] *********************************
[Aug 21 17:50:06]    [START] Session start at Thu Aug 21 17:50:06 2008
[Aug 21 17:50:53]    [START] *********************************
[Aug 21 17:50:53]    [START] Session start at Thu Aug 21 17:50:53 2008
[Aug 21 17:54:17]    [START] *********************************
[Aug 21 17:54:17]    [START] Session start at Thu Aug 21 17:54:17 2008
[Aug 21 18:53:05]    [START] *********************************
[Aug 21 18:53:05]    [START] Session start at Thu Aug 21 18:53:05 2008
[Aug 21 18:57:11]    [START] *********************************
[Aug 21 18:57:11]    [START] Session start at Thu Aug 21 18:57:11 2008
[Aug 21 19:04:05]    [START] *********************************
[Aug 21 19:04:05]    [START] Session start at Thu Aug 21 19:04:05 2008
[Aug 21 19:05:29]    [PLAYER] iron: 'tally' ''
[Aug 21 19:05:48]    [PLAYER] iron: 'tally' ''
[Aug 21 19:22:14]    [START] *********************************
[Aug 21 19:22:14]    [START] Session start at Thu Aug 21 19:22:14 2008
[Aug 21 19:25:56]    [START] *********************************
[Aug 21 19:25:56]    [START] Session start at Thu Aug 21 19:25:56 2008
[Aug 21 20:05:43]    [START] *********************************
[Aug 21 20:05:43]    [START] Session start at Thu Aug 21 20:05:43 2008
[Aug 22 14:21:25]    [START] *********************************
[Aug 22 14:21:25]    [START] Session start at Fri Aug 22 14:21:25 2008
[Aug 22 14:26:14]    [CONSOLE] 'tally' ''
[Aug 22 14:27:24]    [CONSOLE] 'tally' ''
[Aug 22 14:39:10]    [START] *********************************
[Aug 22 14:39:10]    [START] Session start at Fri Aug 22 14:39:10 2008
[Aug 22 14:42:43]    [START] *********************************
[Aug 22 14:42:43]    [START] Session start at Fri Aug 22 14:42:43 2008
[Aug 22 14:54:38]    [START] *********************************
[Aug 22 14:54:38]    [START] Session start at Fri Aug 22 14:54:38 2008
[Aug 22 14:59:41]    [START] *********************************
[Aug 22 14:59:41]    [START] Session start at Fri Aug 22 14:59:41 2008
[Aug 22 15:01:45]    [START] *********************************
[Aug 22 15:01:45]    [START] Session start at Fri Aug 22 15:01:45 2008
[Aug 22 15:02:38]    [START] *********************************
[Aug 22 15:02:38]    [START] Session start at Fri Aug 22 15:02:38 2008
[Aug 22 15:04:35]    [START] *********************************
[Aug 22 15:04:35]    [START] Session start at Fri Aug 22 15:04:35 2008
[Aug 22 15:06:55]    [START] *********************************
[Aug 22 15:06:55]    [START] Session start at Fri Aug 22 15:06:55 2008
[Aug 22 15:08:46]    [START] *********************************
[Aug 22 15:08:46]    [START] Session start at Fri Aug 22 15:08:46 2008
[Aug 22 15:12:09]    [START] *********************************
[Aug 22 15:12:09]    [START] Session start at Fri Aug 22 15:12:09 2008
[Aug 22 15:14:36]    [PLAYER] iron: 'tally' ''
[Aug 22 15:15:22]    [PLAYER] iron: 'tally' ''
[Aug 22 15:16:17]    [START] *********************************
[Aug 22 15:16:17]    [START] Session start at Fri Aug 22 15:16:17 2008
[Aug 22 15:16:40]    [PLAYER] iron: 'tally' ''
[Aug 22 15:16:41]    [PLAYER] iron: 'tally' ''
[Aug 22 15:17:45]    [START] *********************************
[Aug 22 15:17:45]    [START] Session start at Fri Aug 22 15:17:45 2008
[Aug 22 15:19:57]    [PLAYER] iron: 'tally' ''
[Aug 22 15:20:01]    [PLAYER] iron: 'tally' ''
[Aug 22 15:20:45]    [PLAYER] iron: 'tally' ''
[Aug 22 15:21:01]    [PLAYER] iron: 'tally' ''
[Aug 23 20:25:09]    [START] *********************************
[Aug 23 20:25:09]    [START] Session start at Sat Aug 23 20:25:09 2008
[Aug 23 20:38:00]    [START] *********************************
[Aug 23 20:38:00]    [START] Session start at Sat Aug 23 20:38:00 2008
[Aug 23 20:47:55]    [START] *********************************
[Aug 23 20:47:55]    [START] Session start at Sat Aug 23 20:47:55 2008
[Aug 23 20:49:18]    [START] *********************************
[Aug 23 20:49:18]    [START] Session start at Sat Aug 23 20:49:18 2008
[Aug 23 20:57:42]    [START] *********************************
[Aug 23 20:57:42]    [START] Session start at Sat Aug 23 20:57:42 2008
[Aug 23 23:42:44]    [START] *********************************
[Aug 23 23:42:44]    [START] Session start at Sat Aug 23 23:42:44 2008
[Aug 23 23:43:18]    [START] *********************************
[Aug 23 23:43:18]    [START] Session start at Sat Aug 23 23:43:18 2008
[Aug 23 23:43:48]    [START] *********************************
[Aug 23 23:43:48]    [START] Session start at Sat Aug 23 23:43:48 2008
[Aug 23 23:45:46]    [START] *********************************
[Aug 23 23:45:46]    [START] Session start at Sat Aug 23 23:45:46 2008
[Aug 25 18:06:42]    [START] *********************************
[Aug 25 18:06:42]    [START] Session start at Mon Aug 25 18:06:42 2008
[Aug 25 18:08:57]    [START] *********************************
[Aug 25 18:08:57]    [START] Session start at Mon Aug 25 18:08:57 2008
[Aug 25 18:09:31]    [START] *********************************
[Aug 25 18:09:31]    [START] Session start at Mon Aug 25 18:09:31 2008
[Aug 25 18:10:33]    [START] *********************************
[Aug 25 18:10:33]    [START] Session start at Mon Aug 25 18:10:33 2008
[Aug 25 18:11:27]    [START] *********************************
[Aug 25 18:11:27]    [START] Session start at Mon Aug 25 18:11:27 2008
[Aug 25 18:12:14]    [START] *********************************
[Aug 25 18:12:14]    [START] Session start at Mon Aug 25 18:12:14 2008
[Aug 25 18:20:27]    [START] *********************************
[Aug 25 18:20:27]    [START] Session start at Mon Aug 25 18:20:27 2008
[Aug 25 18:25:47]    [START] *********************************
[Aug 25 18:25:47]    [START] Session start at Mon Aug 25 18:25:47 2008
[Aug 27 18:56:50]    [START] *********************************
[Aug 27 18:56:50]    [START] Session start at Wed Aug 27 18:56:50 2008
[Aug 28 22:22:29]    [START] *********************************
[Aug 28 22:22:29]    [START] Session start at Thu Aug 28 22:22:29 2008
[Sep  5 21:40:30]    [START] *********************************
[Sep  5 21:40:30]    [START] Session start at Fri Sep  5 21:40:30 2008
[Sep  7 21:57:14]    [START] *********************************
[Sep  7 21:57:14]    [START] Session start at Sun Sep  7 21:57:14 2008
[Sep  7 22:01:16]    [START] *********************************
[Sep  7 22:01:16]    [START] Session start at Sun Sep  7 22:01:16 2008
[Sep  7 22:02:02]    [START] *********************************
[Sep  7 22:02:02]    [START] Session start at Sun Sep  7 22:02:02 2008
[Sep  7 22:02:35]    [START] *********************************
[Sep  7 22:02:35]    [START] Session start at Sun Sep  7 22:02:35 2008
[Sep  7 22:02:56]    [CONSOLE] 'tally' ''
[Sep  7 22:02:56]    [CONSOLE] 'tally' ''
[Sep  7 22:15:30]    [START] *********************************
[Sep  7 22:15:30]    [START] Session start at Sun Sep  7 22:15:30 2008
[Sep  8 19:29:11]    [START] *********************************
[Sep  8 19:29:11]    [START] Session start at Mon Sep  8 19:29:11 2008
[Sep  8 19:33:03]    [START] *********************************
[Sep  8 19:33:03]    [START] Session start at Mon Sep  8 19:33:03 2008
[Sep  8 19:35:28]    [START] *********************************
[Sep  8 19:35:28]    [START] Session start at Mon Sep  8 19:35:28 2008
[Sep  8 19:50:15]    [START] *********************************
[Sep  8 19:50:15]    [START] Session start at Mon Sep  8 19:50:15 2008
[Mar  2 16:05:43]    [START] *********************************
[Mar  2 16:05:43]    [START] Session start at Mon Mar  2 16:05:43 2009
